0 info it worked if it ends with ok
1 verbose cli [ 'D:\\NodeJs\\node.exe',
1 verbose cli   'C:\\Users\\YYD\\AppData\\Roaming\\npm\\node_modules\\cnpm\\node_modules\\npm\\bin\\npm-cli.js',
1 verbose cli   '--userconfig=C:\\Users\\YYD\\.cnpmrc',
1 verbose cli   '--disturl=https://npm.taobao.org/mirrors/node',
1 verbose cli   '--registry=https://registry.npm.taobao.org',
1 verbose cli   'run',
1 verbose cli   'dev' ]
2 info using npm@3.10.10
3 info using node@v6.10.0
4 verbose run-script [ 'predev', 'dev', 'postdev' ]
5 info lifecycle search@1.0.0~predev: search@1.0.0
6 silly lifecycle search@1.0.0~predev: no script for predev, continuing
7 info lifecycle search@1.0.0~dev: search@1.0.0
8 verbose lifecycle search@1.0.0~dev: unsafe-perm in lifecycle true
9 verbose lifecycle search@1.0.0~dev: PATH: C:\Users\YYD\AppData\Roaming\npm\node_modules\cnpm\node_modules\npm\bin\node-gyp-bin;D:\NodeJs\test\vue-demo\node_modules\.bin;C:\ProgramData\Oracle\Java\javapath;C:\WINDOWS\system32;C:\WINDOWS;C:\WINDOWS\System32\Wbem;C:\WINDOWS\System32\WindowsPowerShell\v1.0\;C:\Program Files (x86)\MySQL\MySQL Server 5.0\bin;D:\NodeJs\;C:\Program Files (x86)\Git\cmd;C:\Program Files\Java\jdk1.8.0_91\/bin;;C:\Users\YYD\AppData\Local\Microsoft\WindowsApps;C:\Program Files (x86)\Microsoft VS Code\bin;C:\Users\YYD\AppData\Roaming\npm
10 verbose lifecycle search@1.0.0~dev: CWD: D:\NodeJs\test\vue-demo
11 silly lifecycle search@1.0.0~dev: Args: [ '/d /s /c', 'node build/dev-server.js' ]
12 silly lifecycle search@1.0.0~dev: Returned: code: 1  signal: null
13 info lifecycle search@1.0.0~dev: Failed to exec dev script
14 verbose stack Error: search@1.0.0 dev: `node build/dev-server.js`
14 verbose stack Exit status 1
14 verbose stack     at EventEmitter.<anonymous> (C:\Users\YYD\AppData\Roaming\npm\node_modules\cnpm\node_modules\npm\lib\utils\lifecycle.js:255:16)
14 verbose stack     at emitTwo (events.js:106:13)
14 verbose stack     at EventEmitter.emit (events.js:191:7)
14 verbose stack     at ChildProcess.<anonymous> (C:\Users\YYD\AppData\Roaming\npm\node_modules\cnpm\node_modules\npm\lib\utils\spawn.js:40:14)
14 verbose stack     at emitTwo (events.js:106:13)
14 verbose stack     at ChildProcess.emit (events.js:191:7)
14 verbose stack     at maybeClose (internal/child_process.js:877:16)
14 verbose stack     at Process.ChildProcess._handle.onexit (internal/child_process.js:226:5)
15 verbose pkgid search@1.0.0
16 verbose cwd D:\NodeJs\test\vue-demo
17 error Windows_NT 10.0.14393
18 error argv "D:\\NodeJs\\node.exe" "C:\\Users\\YYD\\AppData\\Roaming\\npm\\node_modules\\cnpm\\node_modules\\npm\\bin\\npm-cli.js" "--userconfig=C:\\Users\\YYD\\.cnpmrc" "--disturl=https://npm.taobao.org/mirrors/node" "--registry=https://registry.npm.taobao.org" "run" "dev"
19 error node v6.10.0
20 error npm  v3.10.10
21 error code ELIFECYCLE
22 error search@1.0.0 dev: `node build/dev-server.js`
22 error Exit status 1
23 error Failed at the search@1.0.0 dev script 'node build/dev-server.js'.
23 error Make sure you have the latest version of node.js and npm installed.
23 error If you do, this is most likely a problem with the search package,
23 error not with npm itself.
23 error Tell the author that this fails on your system:
23 error     node build/dev-server.js
23 error You can get information on how to open an issue for this project with:
23 error     npm bugs search
23 error Or if that isn't available, you can get their info via:
23 error     npm owner ls search
23 error There is likely additional logging output above.
24 verbose exit [ 1, true ]
